[DEBUG] 2021-09-25 23:23:48.231 [main] TestBaseYasasiiWeb - Config file loaded...
[DEBUG] 2021-09-25 23:23:48.245 [main] TestBaseYasasiiWeb - OR file loaded...
[DEBUG] 2021-09-25 23:23:55.094 [main] TestBaseYasasiiWeb - Chrome launched..
[DEBUG] 2021-09-25 23:23:57.492 [main] TestBaseYasasiiWeb - Navigated to:https://kamedahomecare.in:49/login 
[DEBUG] 2021-09-26 19:27:47.239 [main] TestBaseYasasiiWeb - Config file loaded...
[DEBUG] 2021-09-26 19:27:47.248 [main] TestBaseYasasiiWeb - OR file loaded...
[DEBUG] 2021-09-26 19:27:53.125 [main] TestBaseYasasiiWeb - Chrome launched..
[DEBUG] 2021-09-26 19:27:55.936 [main] TestBaseYasasiiWeb - Navigated to:https://kamedahomecare.in:49/login 
[DEBUG] 2021-09-26 19:30:02.432 [main] TestBaseYasasiiWeb - Full Patient Registration,Appointment Taking and CheckIn, done successfully
[DEBUG] 2021-09-26 19:37:32.388 [main] TestBaseYasasiiWeb - Config file loaded...
[DEBUG] 2021-09-26 19:37:32.396 [main] TestBaseYasasiiWeb - OR file loaded...
[DEBUG] 2021-09-26 19:37:37.700 [main] TestBaseYasasiiWeb - Chrome launched..
[DEBUG] 2021-09-26 19:37:39.460 [main] TestBaseYasasiiWeb - Navigated to:https://kamedahomecare.in:49/login 
[DEBUG] 2021-09-26 19:49:13.896 [main] TestBaseYasasiiWeb - Config file loaded...
[DEBUG] 2021-09-26 19:49:13.943 [main] TestBaseYasasiiWeb - OR file loaded...
[DEBUG] 2021-09-26 19:49:18.740 [main] TestBaseYasasiiWeb - Chrome launched..
[DEBUG] 2021-09-26 19:49:20.376 [main] TestBaseYasasiiWeb - Navigated to:https://kamedahomecare.in:49/login 
[DEBUG] 2021-09-26 20:07:23.508 [main] TestBaseYasasiiWeb - Config file loaded...
[DEBUG] 2021-09-26 20:07:23.539 [main] TestBaseYasasiiWeb - OR file loaded...
[DEBUG] 2021-09-26 20:07:28.726 [main] TestBaseYasasiiWeb - Chrome launched..
[DEBUG] 2021-09-26 20:07:31.219 [main] TestBaseYasasiiWeb - Navigated to:https://kamedahomecare.in:49/login 
[DEBUG] 2021-09-26 20:36:55.275 [main] TestBaseYasasiiWeb - Config file loaded...
[DEBUG] 2021-09-26 20:36:55.282 [main] TestBaseYasasiiWeb - OR file loaded...
[DEBUG] 2021-09-26 20:37:00.762 [main] TestBaseYasasiiWeb - Chrome launched..
[DEBUG] 2021-09-26 20:37:02.824 [main] TestBaseYasasiiWeb - Navigated to:https://kamedahomecare.in:49/login 
[DEBUG] 2021-09-26 22:55:52.072 [main] TestBaseYasasiiWeb - Config file loaded...
[DEBUG] 2021-09-26 22:55:52.093 [main] TestBaseYasasiiWeb - OR file loaded...
[DEBUG] 2021-09-26 22:55:58.576 [main] TestBaseYasasiiWeb - Chrome launched..
[DEBUG] 2021-09-26 22:56:00.826 [main] TestBaseYasasiiWeb - Navigated to:https://kamedahomecare.in:49/login 
[DEBUG] 2021-09-26 23:17:29.269 [main] TestBaseYasasiiWeb - Config file loaded...
[DEBUG] 2021-09-26 23:17:29.286 [main] TestBaseYasasiiWeb - OR file loaded...
[DEBUG] 2021-09-26 23:17:34.735 [main] TestBaseYasasiiWeb - Chrome launched..
[DEBUG] 2021-09-26 23:17:35.858 [main] TestBaseYasasiiWeb - Navigated to:https://kamedahomecare.in:49/login 
[DEBUG] 2021-09-26 23:18:21.039 [main] TestBaseYasasiiWeb - Config file loaded...
[DEBUG] 2021-09-26 23:18:21.056 [main] TestBaseYasasiiWeb - OR file loaded...
[DEBUG] 2021-09-26 23:18:25.555 [main] TestBaseYasasiiWeb - Chrome launched..
[DEBUG] 2021-09-26 23:18:27.325 [main] TestBaseYasasiiWeb - Navigated to:https://kamedahomecare.in:49/login 
[DEBUG] 2021-09-26 23:20:27.029 [main] TestBaseYasasiiWeb - Full Patient Registration,Appointment Taking and CheckIn, done successfully
[DEBUG] 2021-09-27 14:35:00.231 [main] TestBaseYasasiiWeb - Config file loaded...
[DEBUG] 2021-09-27 14:35:00.257 [main] TestBaseYasasiiWeb - OR file loaded...
[DEBUG] 2021-09-27 14:35:06.765 [main] TestBaseYasasiiWeb - Chrome launched..
[DEBUG] 2021-09-27 14:35:09.208 [main] TestBaseYasasiiWeb - Navigated to:https://kamedahomecare.in:49/login 
[DEBUG] 2021-09-27 14:37:09.960 [main] TestBaseYasasiiWeb - Full Patient Registration,Appointment Taking and CheckIn, done successfully
[DEBUG] 2021-09-27 14:39:51.515 [main] TestBaseYasasiiWeb - ER Patient Registration ,taking encounter and making ER to Op, done successfully
